Determining if the pthread_create exist failed with the following output:
Change Dir: /home/robot/dd2419_ws/build/dd2419_simulation/CMakeFiles/CMakeTmp

Run Build Command:"/usr/bin/make" "cmTC_d6eaa/fast"
/usr/bin/make -f CMakeFiles/cmTC_d6eaa.dir/build.make CMakeFiles/cmTC_d6eaa.dir/build
make[1]: Entering directory '/home/robot/dd2419_ws/build/dd2419_simulation/CMakeFiles/CMakeTmp'
Building C object CMakeFiles/cmTC_d6eaa.dir/CheckSymbolExists.c.o
/usr/bin/cc    -o CMakeFiles/cmTC_d6eaa.dir/CheckSymbolExists.c.o   -c /home/robot/dd2419_ws/build/dd2419_simulation/CMakeFiles/CMakeTmp/CheckSymbolExists.c
Linking C executable cmTC_d6eaa
/usr/bin/cmake -E cmake_link_script CMakeFiles/cmTC_d6eaa.dir/link.txt --verbose=1
/usr/bin/cc      -rdynamic CMakeFiles/cmTC_d6eaa.dir/CheckSymbolExists.c.o  -o cmTC_d6eaa 
CMakeFiles/cmTC_d6eaa.dir/CheckSymbolExists.c.o: In function `main':
CheckSymbolExists.c:(.text+0x1b): undefined reference to `pthread_create'
collect2: error: ld returned 1 exit status
CMakeFiles/cmTC_d6eaa.dir/build.make:97: recipe for target 'cmTC_d6eaa' failed
make[1]: *** [cmTC_d6eaa] Error 1
make[1]: Leaving directory '/home/robot/dd2419_ws/build/dd2419_simulation/CMakeFiles/CMakeTmp'
Makefile:126: recipe for target 'cmTC_d6eaa/fast' failed
make: *** [cmTC_d6eaa/fast] Error 2

File /home/robot/dd2419_ws/build/dd2419_simulation/CMakeFiles/CMakeTmp/CheckSymbolExists.c:
/* */
#include <pthread.h>

int main(int argc, char** argv)
{
  (void)argv;
#ifndef pthread_create
  return ((int*)(&pthread_create))[argc];
#else
  (void)argc;
  return 0;
#endif
}

Determining if the function pthread_create exists in the pthreads failed with the following output:
Change Dir: /home/robot/dd2419_ws/build/dd2419_simulation/CMakeFiles/CMakeTmp

Run Build Command:"/usr/bin/make" "cmTC_eba76/fast"
/usr/bin/make -f CMakeFiles/cmTC_eba76.dir/build.make CMakeFiles/cmTC_eba76.dir/build
make[1]: Entering directory '/home/robot/dd2419_ws/build/dd2419_simulation/CMakeFiles/CMakeTmp'
Building C object CMakeFiles/cmTC_eba76.dir/CheckFunctionExists.c.o
/usr/bin/cc   -DCHECK_FUNCTION_EXISTS=pthread_create   -o CMakeFiles/cmTC_eba76.dir/CheckFunctionExists.c.o   -c /usr/share/cmake-3.10/Modules/CheckFunctionExists.c
Linking C executable cmTC_eba76
/usr/bin/cmake -E cmake_link_script CMakeFiles/cmTC_eba76.dir/link.txt --verbose=1
/usr/bin/cc  -DCHECK_FUNCTION_EXISTS=pthread_create    -rdynamic CMakeFiles/cmTC_eba76.dir/CheckFunctionExists.c.o  -o cmTC_eba76 -lpthreads 
/usr/bin/ld: cannot find -lpthreads
collect2: error: ld returned 1 exit status
CMakeFiles/cmTC_eba76.dir/build.make:97: recipe for target 'cmTC_eba76' failed
make[1]: *** [cmTC_eba76] Error 1
make[1]: Leaving directory '/home/robot/dd2419_ws/build/dd2419_simulation/CMakeFiles/CMakeTmp'
Makefile:126: recipe for target 'cmTC_eba76/fast' failed
make: *** [cmTC_eba76/fast] Error 2


