Determining if the pthread_create exist failed with the following output:
Change Dir: /home/robot/dd2419_ws/build/aruco_msgs/CMakeFiles/CMakeTmp

Run Build Command:"/usr/bin/make" "cmTC_f7b21/fast"
/usr/bin/make -f CMakeFiles/cmTC_f7b21.dir/build.make CMakeFiles/cmTC_f7b21.dir/build
make[1]: Entering directory '/home/robot/dd2419_ws/build/aruco_msgs/CMakeFiles/CMakeTmp'
Building C object CMakeFiles/cmTC_f7b21.dir/CheckSymbolExists.c.o
/usr/bin/cc    -o CMakeFiles/cmTC_f7b21.dir/CheckSymbolExists.c.o   -c /home/robot/dd2419_ws/build/aruco_msgs/CMakeFiles/CMakeTmp/CheckSymbolExists.c
Linking C executable cmTC_f7b21
/usr/bin/cmake -E cmake_link_script CMakeFiles/cmTC_f7b21.dir/link.txt --verbose=1
/usr/bin/cc      -rdynamic CMakeFiles/cmTC_f7b21.dir/CheckSymbolExists.c.o  -o cmTC_f7b21 
CMakeFiles/cmTC_f7b21.dir/CheckSymbolExists.c.o: In function `main':
CheckSymbolExists.c:(.text+0x1b): undefined reference to `pthread_create'
collect2: error: ld returned 1 exit status
CMakeFiles/cmTC_f7b21.dir/build.make:97: recipe for target 'cmTC_f7b21' failed
make[1]: *** [cmTC_f7b21] Error 1
make[1]: Leaving directory '/home/robot/dd2419_ws/build/aruco_msgs/CMakeFiles/CMakeTmp'
Makefile:126: recipe for target 'cmTC_f7b21/fast' failed
make: *** [cmTC_f7b21/fast] Error 2

File /home/robot/dd2419_ws/build/aruco_msgs/CMakeFiles/CMakeTmp/CheckSymbolExists.c:
/* */
#include <pthread.h>

int main(int argc, char** argv)
{
  (void)argv;
#ifndef pthread_create
  return ((int*)(&pthread_create))[argc];
#else
  (void)argc;
  return 0;
#endif
}

Determining if the function pthread_create exists in the pthreads failed with the following output:
Change Dir: /home/robot/dd2419_ws/build/aruco_msgs/CMakeFiles/CMakeTmp

Run Build Command:"/usr/bin/make" "cmTC_23027/fast"
/usr/bin/make -f CMakeFiles/cmTC_23027.dir/build.make CMakeFiles/cmTC_23027.dir/build
make[1]: Entering directory '/home/robot/dd2419_ws/build/aruco_msgs/CMakeFiles/CMakeTmp'
Building C object CMakeFiles/cmTC_23027.dir/CheckFunctionExists.c.o
/usr/bin/cc   -DCHECK_FUNCTION_EXISTS=pthread_create   -o CMakeFiles/cmTC_23027.dir/CheckFunctionExists.c.o   -c /usr/share/cmake-3.10/Modules/CheckFunctionExists.c
Linking C executable cmTC_23027
/usr/bin/cmake -E cmake_link_script CMakeFiles/cmTC_23027.dir/link.txt --verbose=1
/usr/bin/cc  -DCHECK_FUNCTION_EXISTS=pthread_create    -rdynamic CMakeFiles/cmTC_23027.dir/CheckFunctionExists.c.o  -o cmTC_23027 -lpthreads 
/usr/bin/ld: cannot find -lpthreads
collect2: error: ld returned 1 exit status
CMakeFiles/cmTC_23027.dir/build.make:97: recipe for target 'cmTC_23027' failed
make[1]: *** [cmTC_23027] Error 1
make[1]: Leaving directory '/home/robot/dd2419_ws/build/aruco_msgs/CMakeFiles/CMakeTmp'
Makefile:126: recipe for target 'cmTC_23027/fast' failed
make: *** [cmTC_23027/fast] Error 2


