Determining if the pthread_create exist failed with the following output:
Change Dir: /home/robot/dd2419_ws/build/crazyflie_gazebo/CMakeFiles/CMakeTmp

Run Build Command:"/usr/bin/make" "cmTC_ecddc/fast"
/usr/bin/make -f CMakeFiles/cmTC_ecddc.dir/build.make CMakeFiles/cmTC_ecddc.dir/build
make[1]: Entering directory '/home/robot/dd2419_ws/build/crazyflie_gazebo/CMakeFiles/CMakeTmp'
Building C object CMakeFiles/cmTC_ecddc.dir/CheckSymbolExists.c.o
/usr/bin/cc    -o CMakeFiles/cmTC_ecddc.dir/CheckSymbolExists.c.o   -c /home/robot/dd2419_ws/build/crazyflie_gazebo/CMakeFiles/CMakeTmp/CheckSymbolExists.c
Linking C executable cmTC_ecddc
/usr/bin/cmake -E cmake_link_script CMakeFiles/cmTC_ecddc.dir/link.txt --verbose=1
/usr/bin/cc      -rdynamic CMakeFiles/cmTC_ecddc.dir/CheckSymbolExists.c.o  -o cmTC_ecddc 
CMakeFiles/cmTC_ecddc.dir/CheckSymbolExists.c.o: In function `main':
CheckSymbolExists.c:(.text+0x1b): undefined reference to `pthread_create'
collect2: error: ld returned 1 exit status
CMakeFiles/cmTC_ecddc.dir/build.make:97: recipe for target 'cmTC_ecddc' failed
make[1]: *** [cmTC_ecddc] Error 1
make[1]: Leaving directory '/home/robot/dd2419_ws/build/crazyflie_gazebo/CMakeFiles/CMakeTmp'
Makefile:126: recipe for target 'cmTC_ecddc/fast' failed
make: *** [cmTC_ecddc/fast] Error 2

File /home/robot/dd2419_ws/build/crazyflie_gazebo/CMakeFiles/CMakeTmp/CheckSymbolExists.c:
/* */
#include <pthread.h>

int main(int argc, char** argv)
{
  (void)argv;
#ifndef pthread_create
  return ((int*)(&pthread_create))[argc];
#else
  (void)argc;
  return 0;
#endif
}

Determining if the function pthread_create exists in the pthreads failed with the following output:
Change Dir: /home/robot/dd2419_ws/build/crazyflie_gazebo/CMakeFiles/CMakeTmp

Run Build Command:"/usr/bin/make" "cmTC_fe07a/fast"
/usr/bin/make -f CMakeFiles/cmTC_fe07a.dir/build.make CMakeFiles/cmTC_fe07a.dir/build
make[1]: Entering directory '/home/robot/dd2419_ws/build/crazyflie_gazebo/CMakeFiles/CMakeTmp'
Building C object CMakeFiles/cmTC_fe07a.dir/CheckFunctionExists.c.o
/usr/bin/cc   -DCHECK_FUNCTION_EXISTS=pthread_create   -o CMakeFiles/cmTC_fe07a.dir/CheckFunctionExists.c.o   -c /usr/share/cmake-3.10/Modules/CheckFunctionExists.c
Linking C executable cmTC_fe07a
/usr/bin/cmake -E cmake_link_script CMakeFiles/cmTC_fe07a.dir/link.txt --verbose=1
/usr/bin/cc  -DCHECK_FUNCTION_EXISTS=pthread_create    -rdynamic CMakeFiles/cmTC_fe07a.dir/CheckFunctionExists.c.o  -o cmTC_fe07a -lpthreads 
/usr/bin/ld: cannot find -lpthreads
collect2: error: ld returned 1 exit status
CMakeFiles/cmTC_fe07a.dir/build.make:97: recipe for target 'cmTC_fe07a' failed
make[1]: *** [cmTC_fe07a] Error 1
make[1]: Leaving directory '/home/robot/dd2419_ws/build/crazyflie_gazebo/CMakeFiles/CMakeTmp'
Makefile:126: recipe for target 'cmTC_fe07a/fast' failed
make: *** [cmTC_fe07a/fast] Error 2


