Determining if the pthread_create exist failed with the following output:
Change Dir: /home/robot/dd2419_ws/build/milestone1/CMakeFiles/CMakeTmp

Run Build Command:"/usr/bin/make" "cmTC_8b247/fast"
/usr/bin/make -f CMakeFiles/cmTC_8b247.dir/build.make CMakeFiles/cmTC_8b247.dir/build
make[1]: Entering directory '/home/robot/dd2419_ws/build/milestone1/CMakeFiles/CMakeTmp'
Building C object CMakeFiles/cmTC_8b247.dir/CheckSymbolExists.c.o
/usr/bin/cc    -o CMakeFiles/cmTC_8b247.dir/CheckSymbolExists.c.o   -c /home/robot/dd2419_ws/build/milestone1/CMakeFiles/CMakeTmp/CheckSymbolExists.c
Linking C executable cmTC_8b247
/usr/bin/cmake -E cmake_link_script CMakeFiles/cmTC_8b247.dir/link.txt --verbose=1
/usr/bin/cc      -rdynamic CMakeFiles/cmTC_8b247.dir/CheckSymbolExists.c.o  -o cmTC_8b247 
CMakeFiles/cmTC_8b247.dir/CheckSymbolExists.c.o: In function `main':
CheckSymbolExists.c:(.text+0x1b): undefined reference to `pthread_create'
collect2: error: ld returned 1 exit status
CMakeFiles/cmTC_8b247.dir/build.make:97: recipe for target 'cmTC_8b247' failed
make[1]: *** [cmTC_8b247] Error 1
make[1]: Leaving directory '/home/robot/dd2419_ws/build/milestone1/CMakeFiles/CMakeTmp'
Makefile:126: recipe for target 'cmTC_8b247/fast' failed
make: *** [cmTC_8b247/fast] Error 2

File /home/robot/dd2419_ws/build/milestone1/CMakeFiles/CMakeTmp/CheckSymbolExists.c:
/* */
#include <pthread.h>

int main(int argc, char** argv)
{
  (void)argv;
#ifndef pthread_create
  return ((int*)(&pthread_create))[argc];
#else
  (void)argc;
  return 0;
#endif
}

Determining if the function pthread_create exists in the pthreads failed with the following output:
Change Dir: /home/robot/dd2419_ws/build/milestone1/CMakeFiles/CMakeTmp

Run Build Command:"/usr/bin/make" "cmTC_1a4a8/fast"
/usr/bin/make -f CMakeFiles/cmTC_1a4a8.dir/build.make CMakeFiles/cmTC_1a4a8.dir/build
make[1]: Entering directory '/home/robot/dd2419_ws/build/milestone1/CMakeFiles/CMakeTmp'
Building C object CMakeFiles/cmTC_1a4a8.dir/CheckFunctionExists.c.o
/usr/bin/cc   -DCHECK_FUNCTION_EXISTS=pthread_create   -o CMakeFiles/cmTC_1a4a8.dir/CheckFunctionExists.c.o   -c /usr/share/cmake-3.10/Modules/CheckFunctionExists.c
Linking C executable cmTC_1a4a8
/usr/bin/cmake -E cmake_link_script CMakeFiles/cmTC_1a4a8.dir/link.txt --verbose=1
/usr/bin/cc  -DCHECK_FUNCTION_EXISTS=pthread_create    -rdynamic CMakeFiles/cmTC_1a4a8.dir/CheckFunctionExists.c.o  -o cmTC_1a4a8 -lpthreads 
/usr/bin/ld: cannot find -lpthreads
collect2: error: ld returned 1 exit status
CMakeFiles/cmTC_1a4a8.dir/build.make:97: recipe for target 'cmTC_1a4a8' failed
make[1]: *** [cmTC_1a4a8] Error 1
make[1]: Leaving directory '/home/robot/dd2419_ws/build/milestone1/CMakeFiles/CMakeTmp'
Makefile:126: recipe for target 'cmTC_1a4a8/fast' failed
make: *** [cmTC_1a4a8/fast] Error 2


