Determining if the pthread_create exist failed with the following output:
Change Dir: /home/robot/dd2419_ws/build/aruco_ros/CMakeFiles/CMakeTmp

Run Build Command:"/usr/bin/make" "cmTC_201b3/fast"
/usr/bin/make -f CMakeFiles/cmTC_201b3.dir/build.make CMakeFiles/cmTC_201b3.dir/build
make[1]: Entering directory '/home/robot/dd2419_ws/build/aruco_ros/CMakeFiles/CMakeTmp'
Building C object CMakeFiles/cmTC_201b3.dir/CheckSymbolExists.c.o
/usr/bin/cc    -o CMakeFiles/cmTC_201b3.dir/CheckSymbolExists.c.o   -c /home/robot/dd2419_ws/build/aruco_ros/CMakeFiles/CMakeTmp/CheckSymbolExists.c
Linking C executable cmTC_201b3
/usr/bin/cmake -E cmake_link_script CMakeFiles/cmTC_201b3.dir/link.txt --verbose=1
/usr/bin/cc      -rdynamic CMakeFiles/cmTC_201b3.dir/CheckSymbolExists.c.o  -o cmTC_201b3 
CMakeFiles/cmTC_201b3.dir/CheckSymbolExists.c.o: In function `main':
CheckSymbolExists.c:(.text+0x1b): undefined reference to `pthread_create'
collect2: error: ld returned 1 exit status
CMakeFiles/cmTC_201b3.dir/build.make:97: recipe for target 'cmTC_201b3' failed
make[1]: *** [cmTC_201b3] Error 1
make[1]: Leaving directory '/home/robot/dd2419_ws/build/aruco_ros/CMakeFiles/CMakeTmp'
Makefile:126: recipe for target 'cmTC_201b3/fast' failed
make: *** [cmTC_201b3/fast] Error 2

File /home/robot/dd2419_ws/build/aruco_ros/CMakeFiles/CMakeTmp/CheckSymbolExists.c:
/* */
#include <pthread.h>

int main(int argc, char** argv)
{
  (void)argv;
#ifndef pthread_create
  return ((int*)(&pthread_create))[argc];
#else
  (void)argc;
  return 0;
#endif
}

Determining if the function pthread_create exists in the pthreads failed with the following output:
Change Dir: /home/robot/dd2419_ws/build/aruco_ros/CMakeFiles/CMakeTmp

Run Build Command:"/usr/bin/make" "cmTC_669dc/fast"
/usr/bin/make -f CMakeFiles/cmTC_669dc.dir/build.make CMakeFiles/cmTC_669dc.dir/build
make[1]: Entering directory '/home/robot/dd2419_ws/build/aruco_ros/CMakeFiles/CMakeTmp'
Building C object CMakeFiles/cmTC_669dc.dir/CheckFunctionExists.c.o
/usr/bin/cc   -DCHECK_FUNCTION_EXISTS=pthread_create   -o CMakeFiles/cmTC_669dc.dir/CheckFunctionExists.c.o   -c /usr/share/cmake-3.10/Modules/CheckFunctionExists.c
Linking C executable cmTC_669dc
/usr/bin/cmake -E cmake_link_script CMakeFiles/cmTC_669dc.dir/link.txt --verbose=1
/usr/bin/cc  -DCHECK_FUNCTION_EXISTS=pthread_create    -rdynamic CMakeFiles/cmTC_669dc.dir/CheckFunctionExists.c.o  -o cmTC_669dc -lpthreads 
/usr/bin/ld: cannot find -lpthreads
collect2: error: ld returned 1 exit status
CMakeFiles/cmTC_669dc.dir/build.make:97: recipe for target 'cmTC_669dc' failed
make[1]: *** [cmTC_669dc] Error 1
make[1]: Leaving directory '/home/robot/dd2419_ws/build/aruco_ros/CMakeFiles/CMakeTmp'
Makefile:126: recipe for target 'cmTC_669dc/fast' failed
make: *** [cmTC_669dc/fast] Error 2


